<?xml version="1.0" encoding="UTF-8"?>
<testng-results ignored="0" total="1" passed="1" failed="0" skipped="0">
  <reporter-output>
  </reporter-output>
  <suite started-at="2025-10-23T16:10:25Z" name="Default suite" finished-at="2025-10-23T16:10:51Z" duration-ms="25705">
    <groups>
    </groups>
    <test started-at="2025-10-23T16:10:25Z" name="Default test" finished-at="2025-10-23T16:10:51Z" duration-ms="25705">
      <class name="javaPackage.Test1">
        <test-method signature="a()[pri:0, instance:javaPackage.Test1@48d61b48]" started-at="2025-10-23T16:10:25Z" name="a" finished-at="2025-10-23T16:10:51Z" duration-ms="25686" status="PASS">
          <reporter-output>
          </reporter-output>
        </test-method> <!-- a -->
      </class> <!-- javaPackage.Test1 -->
    </test> <!-- Default test -->
  </suite> <!-- Default suite -->
</testng-results>
